<?xml version="1.0" encoding="UTF-8"?>
<testng-results ignored="0" total="2" passed="2" failed="0" skipped="0">
  <reporter-output>
    <line>
      <![CDATA[Team has 1 wicket Keeper]]>
    </line>
    <line>
      <![CDATA[Team has only 4 Foreign Players]]>
    </line>
  </reporter-output>
  <suite started-at="2022-07-15T08:49:06 PDT" name="Suite" finished-at="2022-07-15T08:49:06 PDT" duration-ms="135">
    <groups>
    </groups>
    <test started-at="2022-07-15T08:49:06 PDT" name="Test" finished-at="2022-07-15T08:49:06 PDT" duration-ms="135">
      <class name="Task.validateWicketKeeper">
        <test-method is-config="true" signature="loadFile()[pri:0, instance:Task.validateWicketKeeper@378542de]" started-at="2022-07-15T08:49:06 PDT" name="loadFile" finished-at="2022-07-15T08:49:06 PDT" duration-ms="33" status="PASS">
          <reporter-output>
          </reporter-output>
        </test-method> <!-- loadFile -->
        <test-method signature="ValidateWicketKeeperTest()[pri:0, instance:Task.validateWicketKeeper@378542de]" started-at="2022-07-15T08:49:06 PDT" name="ValidateWicketKeeperTest" finished-at="2022-07-15T08:49:06 PDT" duration-ms="11" status="PASS">
          <reporter-output>
            <line>
              <![CDATA[Team has 1 wicket Keeper]]>
            </line>
          </reporter-output>
        </test-method> <!-- ValidateWicketKeeperTest -->
      </class> <!-- Task.validateWicketKeeper -->
      <class name="Task.ValidateForeignPlayers">
        <test-method is-config="true" signature="loadFile()[pri:0, instance:Task.ValidateForeignPlayers@5fd4f8f5]" started-at="2022-07-15T08:49:06 PDT" name="loadFile" finished-at="2022-07-15T08:49:06 PDT" duration-ms="3" status="PASS">
          <reporter-output>
          </reporter-output>
        </test-method> <!-- loadFile -->
        <test-method signature="validateForeignPlayersTest()[pri:0, instance:Task.ValidateForeignPlayers@5fd4f8f5]" started-at="2022-07-15T08:49:06 PDT" name="validateForeignPlayersTest" finished-at="2022-07-15T08:49:06 PDT" duration-ms="4" status="PASS">
          <reporter-output>
            <line>
              <![CDATA[Team has only 4 Foreign Players]]>
            </line>
          </reporter-output>
        </test-method> <!-- validateForeignPlayersTest -->
      </class> <!-- Task.ValidateForeignPlayers -->
    </test> <!-- Test -->
  </suite> <!-- Suite -->
</testng-results>
