<?xml version="1.0" encoding="UTF-8"?>
<testng-results ignored="0" total="1" passed="1" failed="0" skipped="0">
  <reporter-output>
  </reporter-output>
  <suite started-at="2022-07-14T10:28:44 PDT" name="Default suite" finished-at="2022-07-14T10:28:44 PDT" duration-ms="88">
    <groups>
    </groups>
    <test started-at="2022-07-14T10:28:44 PDT" name="Default test" finished-at="2022-07-14T10:28:44 PDT" duration-ms="88">
      <class name="Task.ValidateForeignPlayers">
        <test-method signature="validateForeignPlayersTest()[pri:0, instance:Task.ValidateForeignPlayers@46fa7c39]" started-at="2022-07-14T10:28:44 PDT" name="validateForeignPlayersTest" finished-at="2022-07-14T10:28:44 PDT" duration-ms="22" status="PASS">
          <reporter-output>
          </reporter-output>
        </test-method> <!-- validateForeignPlayersTest -->
      </class> <!-- Task.ValidateForeignPlayers -->
    </test> <!-- Default test -->
  </suite> <!-- Default suite -->
</testng-results>
